2023-04-17 16:28:47,086 [Worker-3: Loading available Gradle versions] INFO  o.e.b.c.i.u.g.PublishedGradleVersions - Gradle version information cache is out-of-date. Trying to update.
2023-04-17 17:26:31,501 [Worker-20: Building] INFO  o.e.m.c.i.l.LifecycleMappingFactory - Using org.eclipse.m2e.jdt.JarLifecycleMapping lifecycle mapping for MavenProject: com.clases:Ejercicio02Maven:0.0.1-SNAPSHOT @ /home/apolo/Documents/sf_java/EclipseWorkSpace/U10/Ejercicio03_Completar/pom.xml.
2023-04-17 17:26:32,113 [Worker-20: Building] WARN  o.e.m.c.i.embedder.EclipseLogger - Using platform encoding (UTF-8 actually) to copy filtered resources, i.e. build is platform dependent!
2023-04-17 17:26:32,129 [Worker-20: Building] INFO  o.e.m.c.i.embedder.EclipseLogger - Copying 0 resource
2023-04-17 17:26:32,140 [Worker-20: Building] WARN  o.e.m.c.i.embedder.EclipseLogger - Using platform encoding (UTF-8 actually) to copy filtered resources, i.e. build is platform dependent!
2023-04-17 17:26:32,141 [Worker-20: Building] INFO  o.e.m.c.i.embedder.EclipseLogger - Copying 0 resource
2023-04-17 17:26:33,952 [Worker-20: Building] WARN  o.e.m.c.i.embedder.EclipseLogger - Using platform encoding (UTF-8 actually) to copy filtered resources, i.e. build is platform dependent!
2023-04-17 17:26:34,053 [Worker-20: Building] INFO  o.e.m.c.i.embedder.EclipseLogger - Copying 0 resource
2023-04-17 17:26:34,056 [Worker-20: Building] WARN  o.e.m.c.i.embedder.EclipseLogger - Using platform encoding (UTF-8 actually) to copy filtered resources, i.e. build is platform dependent!
2023-04-17 17:26:34,056 [Worker-20: Building] INFO  o.e.m.c.i.embedder.EclipseLogger - Copying 0 resource
2023-04-17 17:28:39,253 [Worker-25: Building] WARN  o.e.m.c.i.embedder.EclipseLogger - Using platform encoding (UTF-8 actually) to copy filtered resources, i.e. build is platform dependent!
2023-04-17 17:28:39,254 [Worker-25: Building] INFO  o.e.m.c.i.embedder.EclipseLogger - Copying 0 resource
2023-04-17 17:28:39,272 [Worker-25: Building] WARN  o.e.m.c.i.embedder.EclipseLogger - Using platform encoding (UTF-8 actually) to copy filtered resources, i.e. build is platform dependent!
2023-04-17 17:28:39,272 [Worker-25: Building] INFO  o.e.m.c.i.embedder.EclipseLogger - Copying 0 resource
2023-04-17 17:51:31,818 [Worker-26: Launching App (1)] WARN  o.e.m.c.i.embedder.EclipseLogger - Using platform encoding (UTF-8 actually) to copy filtered resources, i.e. build is platform dependent!
2023-04-17 17:51:31,819 [Worker-26: Launching App (1)] INFO  o.e.m.c.i.embedder.EclipseLogger - Copying 0 resource
2023-04-17 17:51:31,830 [Worker-26: Launching App (1)] WARN  o.e.m.c.i.embedder.EclipseLogger - Using platform encoding (UTF-8 actually) to copy filtered resources, i.e. build is platform dependent!
2023-04-17 17:51:31,831 [Worker-26: Launching App (1)] INFO  o.e.m.c.i.embedder.EclipseLogger - Copying 0 resource
2023-04-17 17:58:02,840 [Worker-31: Launching App (1)] WARN  o.e.m.c.i.embedder.EclipseLogger - Using platform encoding (UTF-8 actually) to copy filtered resources, i.e. build is platform dependent!
2023-04-17 17:58:02,843 [Worker-31: Launching App (1)] INFO  o.e.m.c.i.embedder.EclipseLogger - Copying 0 resource
2023-04-17 17:58:02,847 [Worker-31: Launching App (1)] WARN  o.e.m.c.i.embedder.EclipseLogger - Using platform encoding (UTF-8 actually) to copy filtered resources, i.e. build is platform dependent!
2023-04-17 17:58:02,848 [Worker-31: Launching App (1)] INFO  o.e.m.c.i.embedder.EclipseLogger - Copying 0 resource
2023-04-17 18:05:01,811 [Worker-26: Launching App (1)] WARN  o.e.m.c.i.embedder.EclipseLogger - Using platform encoding (UTF-8 actually) to copy filtered resources, i.e. build is platform dependent!
2023-04-17 18:05:01,812 [Worker-26: Launching App (1)] INFO  o.e.m.c.i.embedder.EclipseLogger - Copying 0 resource
2023-04-17 18:05:01,813 [Worker-26: Launching App (1)] WARN  o.e.m.c.i.embedder.EclipseLogger - Using platform encoding (UTF-8 actually) to copy filtered resources, i.e. build is platform dependent!
2023-04-17 18:05:01,813 [Worker-26: Launching App (1)] INFO  o.e.m.c.i.embedder.EclipseLogger - Copying 0 resource
2023-04-17 18:13:53,237 [Worker-26: Launching App (1)] WARN  o.e.m.c.i.embedder.EclipseLogger - Using platform encoding (UTF-8 actually) to copy filtered resources, i.e. build is platform dependent!
2023-04-17 18:13:53,238 [Worker-26: Launching App (1)] INFO  o.e.m.c.i.embedder.EclipseLogger - Copying 0 resource
2023-04-17 18:13:53,246 [Worker-26: Launching App (1)] WARN  o.e.m.c.i.embedder.EclipseLogger - Using platform encoding (UTF-8 actually) to copy filtered resources, i.e. build is platform dependent!
2023-04-17 18:13:53,250 [Worker-26: Launching App (1)] INFO  o.e.m.c.i.embedder.EclipseLogger - Copying 0 resource
2023-04-17 18:17:46,650 [Worker-36: Launching App (1)] WARN  o.e.m.c.i.embedder.EclipseLogger - Using platform encoding (UTF-8 actually) to copy filtered resources, i.e. build is platform dependent!
2023-04-17 18:17:46,651 [Worker-36: Launching App (1)] INFO  o.e.m.c.i.embedder.EclipseLogger - Copying 0 resource
2023-04-17 18:17:46,661 [Worker-36: Launching App (1)] WARN  o.e.m.c.i.embedder.EclipseLogger - Using platform encoding (UTF-8 actually) to copy filtered resources, i.e. build is platform dependent!
2023-04-17 18:17:46,662 [Worker-36: Launching App (1)] INFO  o.e.m.c.i.embedder.EclipseLogger - Copying 0 resource
2023-04-17 18:54:11,702 [Worker-42: Launching App (1)] WARN  o.e.m.c.i.embedder.EclipseLogger - Using platform encoding (UTF-8 actually) to copy filtered resources, i.e. build is platform dependent!
2023-04-17 18:54:11,708 [Worker-42: Launching App (1)] INFO  o.e.m.c.i.embedder.EclipseLogger - Copying 0 resource
2023-04-17 18:54:11,710 [Worker-42: Launching App (1)] WARN  o.e.m.c.i.embedder.EclipseLogger - Using platform encoding (UTF-8 actually) to copy filtered resources, i.e. build is platform dependent!
2023-04-17 18:54:11,714 [Worker-42: Launching App (1)] INFO  o.e.m.c.i.embedder.EclipseLogger - Copying 0 resource
2023-04-17 18:54:54,666 [Worker-42: Launching App (1)] WARN  o.e.m.c.i.embedder.EclipseLogger - Using platform encoding (UTF-8 actually) to copy filtered resources, i.e. build is platform dependent!
2023-04-17 18:54:54,666 [Worker-42: Launching App (1)] INFO  o.e.m.c.i.embedder.EclipseLogger - Copying 0 resource
2023-04-17 18:54:54,667 [Worker-42: Launching App (1)] WARN  o.e.m.c.i.embedder.EclipseLogger - Using platform encoding (UTF-8 actually) to copy filtered resources, i.e. build is platform dependent!
2023-04-17 18:54:54,668 [Worker-42: Launching App (1)] INFO  o.e.m.c.i.embedder.EclipseLogger - Copying 0 resource
2023-04-17 18:56:19,123 [Worker-39: Launching App (1)] WARN  o.e.m.c.i.embedder.EclipseLogger - Using platform encoding (UTF-8 actually) to copy filtered resources, i.e. build is platform dependent!
2023-04-17 18:56:19,124 [Worker-39: Launching App (1)] INFO  o.e.m.c.i.embedder.EclipseLogger - Copying 0 resource
2023-04-17 18:56:19,127 [Worker-39: Launching App (1)] WARN  o.e.m.c.i.embedder.EclipseLogger - Using platform encoding (UTF-8 actually) to copy filtered resources, i.e. build is platform dependent!
2023-04-17 18:56:19,128 [Worker-39: Launching App (1)] INFO  o.e.m.c.i.embedder.EclipseLogger - Copying 0 resource
2023-04-17 18:56:36,674 [Worker-43: Launching App (1)] WARN  o.e.m.c.i.embedder.EclipseLogger - Using platform encoding (UTF-8 actually) to copy filtered resources, i.e. build is platform dependent!
2023-04-17 18:56:36,674 [Worker-43: Launching App (1)] INFO  o.e.m.c.i.embedder.EclipseLogger - Copying 0 resource
2023-04-17 18:56:36,674 [Worker-43: Launching App (1)] WARN  o.e.m.c.i.embedder.EclipseLogger - Using platform encoding (UTF-8 actually) to copy filtered resources, i.e. build is platform dependent!
2023-04-17 18:56:36,683 [Worker-43: Launching App (1)] INFO  o.e.m.c.i.embedder.EclipseLogger - Copying 0 resource
2023-04-17 18:57:20,399 [Worker-45: Launching App (1)] WARN  o.e.m.c.i.embedder.EclipseLogger - Using platform encoding (UTF-8 actually) to copy filtered resources, i.e. build is platform dependent!
2023-04-17 18:57:20,400 [Worker-45: Launching App (1)] INFO  o.e.m.c.i.embedder.EclipseLogger - Copying 0 resource
2023-04-17 18:57:20,422 [Worker-45: Launching App (1)] WARN  o.e.m.c.i.embedder.EclipseLogger - Using platform encoding (UTF-8 actually) to copy filtered resources, i.e. build is platform dependent!
2023-04-17 18:57:20,423 [Worker-45: Launching App (1)] INFO  o.e.m.c.i.embedder.EclipseLogger - Copying 0 resource
2023-04-17 18:58:35,985 [Worker-39: Launching App (1)] WARN  o.e.m.c.i.embedder.EclipseLogger - Using platform encoding (UTF-8 actually) to copy filtered resources, i.e. build is platform dependent!
2023-04-17 18:58:35,986 [Worker-39: Launching App (1)] INFO  o.e.m.c.i.embedder.EclipseLogger - Copying 0 resource
2023-04-17 18:58:36,005 [Worker-39: Launching App (1)] WARN  o.e.m.c.i.embedder.EclipseLogger - Using platform encoding (UTF-8 actually) to copy filtered resources, i.e. build is platform dependent!
2023-04-17 18:58:36,015 [Worker-39: Launching App (1)] INFO  o.e.m.c.i.embedder.EclipseLogger - Copying 0 resource
2023-04-17 19:05:12,424 [Worker-46: Launching App (1)] WARN  o.e.m.c.i.embedder.EclipseLogger - Using platform encoding (UTF-8 actually) to copy filtered resources, i.e. build is platform dependent!
2023-04-17 19:05:12,425 [Worker-46: Launching App (1)] INFO  o.e.m.c.i.embedder.EclipseLogger - Copying 0 resource
2023-04-17 19:05:12,434 [Worker-46: Launching App (1)] WARN  o.e.m.c.i.embedder.EclipseLogger - Using platform encoding (UTF-8 actually) to copy filtered resources, i.e. build is platform dependent!
2023-04-17 19:05:12,439 [Worker-46: Launching App (1)] INFO  o.e.m.c.i.embedder.EclipseLogger - Copying 0 resource
2023-04-17 19:06:32,489 [Worker-48: Launching App (1)] WARN  o.e.m.c.i.embedder.EclipseLogger - Using platform encoding (UTF-8 actually) to copy filtered resources, i.e. build is platform dependent!
2023-04-17 19:06:32,495 [Worker-48: Launching App (1)] INFO  o.e.m.c.i.embedder.EclipseLogger - Copying 0 resource
2023-04-17 19:06:32,501 [Worker-48: Launching App (1)] WARN  o.e.m.c.i.embedder.EclipseLogger - Using platform encoding (UTF-8 actually) to copy filtered resources, i.e. build is platform dependent!
2023-04-17 19:06:32,502 [Worker-48: Launching App (1)] INFO  o.e.m.c.i.embedder.EclipseLogger - Copying 0 resource
2023-04-17 19:12:06,259 [Worker-49: Building] WARN  o.e.m.c.i.embedder.EclipseLogger - Using platform encoding (UTF-8 actually) to copy filtered resources, i.e. build is platform dependent!
2023-04-17 19:12:06,259 [Worker-49: Building] INFO  o.e.m.c.i.embedder.EclipseLogger - Copying 0 resource
2023-04-17 19:12:06,260 [Worker-49: Building] WARN  o.e.m.c.i.embedder.EclipseLogger - Using platform encoding (UTF-8 actually) to copy filtered resources, i.e. build is platform dependent!
2023-04-17 19:12:06,261 [Worker-49: Building] INFO  o.e.m.c.i.embedder.EclipseLogger - Copying 0 resource
2023-04-17 19:17:06,024 [Worker-49: Periodic workspace save.] ERROR o.e.m.c.i.p.r.ProjectRegistryReader - Can't write workspace state
java.io.FileNotFoundException: /home/apolo/Documents/sf_java/EclipseWorkSpace/U10/.metadata/.plugins/org.eclipse.m2e.core/workspaceState.ser (No such file or directory)
	at java.base/java.io.FileOutputStream.open0(Native Method) ~[na:na]
	at java.base/java.io.FileOutputStream.open(FileOutputStream.java:293) ~[na:na]
	at java.base/java.io.FileOutputStream.<init>(FileOutputStream.java:235) ~[na:na]
	at java.base/java.io.FileOutputStream.<init>(FileOutputStream.java:184) ~[na:na]
	at org.eclipse.m2e.core.internal.project.registry.ProjectRegistryReader.createObjectOutputStream(ProjectRegistryReader.java:137) ~[na:na]
	at org.eclipse.m2e.core.internal.project.registry.ProjectRegistryReader.writeWorkspaceState(ProjectRegistryReader.java:127) ~[na:na]
	at org.eclipse.m2e.core.internal.project.registry.ProjectRegistryManager.writeWorkspaceState(ProjectRegistryManager.java:977) ~[na:na]
	at org.eclipse.m2e.core.internal.MavenPluginActivator$1.saving(MavenPluginActivator.java:142) ~[na:na]
	at org.eclipse.core.internal.resources.SaveManager.executeLifecycle(SaveManager.java:394) ~[na:na]
	at org.eclipse.core.internal.resources.SaveManager$1.run(SaveManager.java:210) ~[na:na]
	at org.eclipse.core.runtime.SafeRunner.run(SafeRunner.java:45) ~[org.eclipse.equinox.common_3.16.100.v20220315-2327.jar:na]
	at org.eclipse.core.internal.resources.SaveManager.broadcastLifecycle(SaveManager.java:213) ~[na:na]
	at org.eclipse.core.internal.resources.SaveManager.save(SaveManager.java:1171) ~[na:na]
	at org.eclipse.core.internal.resources.SaveManager.save(SaveManager.java:1150) ~[na:na]
	at org.eclipse.core.internal.resources.DelayedSnapshotJob.run(DelayedSnapshotJob.java:51) ~[na:na]
	at org.eclipse.core.internal.jobs.Worker.run(Worker.java:63) ~[org.eclipse.core.jobs_3.13.0.v20220512-1935.jar:na]
2023-04-17 20:09:33,639 [Worker-0: Loading available Gradle versions] INFO  o.e.b.c.i.u.g.PublishedGradleVersions - Gradle version information cache is up-to-date. Trying to read.
2023-04-17 20:09:37,176 [Worker-5: Building] WARN  o.e.m.c.i.embedder.EclipseLogger - Using platform encoding (UTF-8 actually) to copy filtered resources, i.e. build is platform dependent!
2023-04-17 20:09:37,185 [Worker-5: Building] INFO  o.e.m.c.i.embedder.EclipseLogger - Copying 0 resource
2023-04-17 20:09:37,189 [Worker-5: Building] WARN  o.e.m.c.i.embedder.EclipseLogger - Using platform encoding (UTF-8 actually) to copy filtered resources, i.e. build is platform dependent!
2023-04-17 20:09:37,189 [Worker-5: Building] INFO  o.e.m.c.i.embedder.EclipseLogger - Copying 0 resource
2023-04-17 20:14:04,902 [Worker-10: Launching App (1)] WARN  o.e.m.c.i.embedder.EclipseLogger - Using platform encoding (UTF-8 actually) to copy filtered resources, i.e. build is platform dependent!
2023-04-17 20:14:04,916 [Worker-10: Launching App (1)] INFO  o.e.m.c.i.embedder.EclipseLogger - Copying 0 resource
2023-04-17 20:14:04,918 [Worker-10: Launching App (1)] WARN  o.e.m.c.i.embedder.EclipseLogger - Using platform encoding (UTF-8 actually) to copy filtered resources, i.e. build is platform dependent!
2023-04-17 20:14:04,918 [Worker-10: Launching App (1)] INFO  o.e.m.c.i.embedder.EclipseLogger - Copying 0 resource
2023-04-17 20:16:01,868 [Worker-1: Launching App (1)] WARN  o.e.m.c.i.embedder.EclipseLogger - Using platform encoding (UTF-8 actually) to copy filtered resources, i.e. build is platform dependent!
2023-04-17 20:16:01,869 [Worker-1: Launching App (1)] INFO  o.e.m.c.i.embedder.EclipseLogger - Copying 0 resource
2023-04-17 20:16:01,875 [Worker-1: Launching App (1)] WARN  o.e.m.c.i.embedder.EclipseLogger - Using platform encoding (UTF-8 actually) to copy filtered resources, i.e. build is platform dependent!
2023-04-17 20:16:01,876 [Worker-1: Launching App (1)] INFO  o.e.m.c.i.embedder.EclipseLogger - Copying 0 resource
2023-04-17 20:23:19,096 [Worker-5: Launching App (1)] WARN  o.e.m.c.i.embedder.EclipseLogger - Using platform encoding (UTF-8 actually) to copy filtered resources, i.e. build is platform dependent!
2023-04-17 20:23:19,097 [Worker-5: Launching App (1)] INFO  o.e.m.c.i.embedder.EclipseLogger - Copying 0 resource
2023-04-17 20:23:19,098 [Worker-5: Launching App (1)] WARN  o.e.m.c.i.embedder.EclipseLogger - Using platform encoding (UTF-8 actually) to copy filtered resources, i.e. build is platform dependent!
2023-04-17 20:23:19,098 [Worker-5: Launching App (1)] INFO  o.e.m.c.i.embedder.EclipseLogger - Copying 0 resource
2023-04-17 20:28:18,966 [Worker-10: Periodic workspace save.] ERROR o.e.m.c.i.p.r.ProjectRegistryReader - Can't write workspace state
java.io.FileNotFoundException: /home/apolo/Desktop/Examen RecuperacionJavier/.metadata/.plugins/org.eclipse.m2e.core/workspaceState.ser (No such file or directory)
	at java.base/java.io.FileOutputStream.open0(Native Method) ~[na:na]
	at java.base/java.io.FileOutputStream.open(FileOutputStream.java:293) ~[na:na]
	at java.base/java.io.FileOutputStream.<init>(FileOutputStream.java:235) ~[na:na]
	at java.base/java.io.FileOutputStream.<init>(FileOutputStream.java:184) ~[na:na]
	at org.eclipse.m2e.core.internal.project.registry.ProjectRegistryReader.createObjectOutputStream(ProjectRegistryReader.java:137) ~[na:na]
	at org.eclipse.m2e.core.internal.project.registry.ProjectRegistryReader.writeWorkspaceState(ProjectRegistryReader.java:127) ~[na:na]
	at org.eclipse.m2e.core.internal.project.registry.ProjectRegistryManager.writeWorkspaceState(ProjectRegistryManager.java:977) ~[na:na]
	at org.eclipse.m2e.core.internal.MavenPluginActivator$1.saving(MavenPluginActivator.java:142) ~[na:na]
	at org.eclipse.core.internal.resources.SaveManager.executeLifecycle(SaveManager.java:394) ~[na:na]
	at org.eclipse.core.internal.resources.SaveManager$1.run(SaveManager.java:210) ~[na:na]
	at org.eclipse.core.runtime.SafeRunner.run(SafeRunner.java:45) ~[org.eclipse.equinox.common_3.16.100.v20220315-2327.jar:na]
	at org.eclipse.core.internal.resources.SaveManager.broadcastLifecycle(SaveManager.java:213) ~[na:na]
	at org.eclipse.core.internal.resources.SaveManager.save(SaveManager.java:1171) ~[na:na]
	at org.eclipse.core.internal.resources.SaveManager.save(SaveManager.java:1150) ~[na:na]
	at org.eclipse.core.internal.resources.DelayedSnapshotJob.run(DelayedSnapshotJob.java:51) ~[na:na]
	at org.eclipse.core.internal.jobs.Worker.run(Worker.java:63) ~[org.eclipse.core.jobs_3.13.0.v20220512-1935.jar:na]
2023-04-17 20:31:46,096 [ModalContext] ERROR o.e.m.c.i.p.r.ProjectRegistryReader - Can't write workspace state
java.io.FileNotFoundException: /home/apolo/Desktop/Examen RecuperacionJavier/.metadata/.plugins/org.eclipse.m2e.core/workspaceState.ser (No such file or directory)
	at java.base/java.io.FileOutputStream.open0(Native Method) ~[na:na]
	at java.base/java.io.FileOutputStream.open(FileOutputStream.java:293) ~[na:na]
	at java.base/java.io.FileOutputStream.<init>(FileOutputStream.java:235) ~[na:na]
	at java.base/java.io.FileOutputStream.<init>(FileOutputStream.java:184) ~[na:na]
	at org.eclipse.m2e.core.internal.project.registry.ProjectRegistryReader.createObjectOutputStream(ProjectRegistryReader.java:137) ~[na:na]
	at org.eclipse.m2e.core.internal.project.registry.ProjectRegistryReader.writeWorkspaceState(ProjectRegistryReader.java:127) ~[na:na]
	at org.eclipse.m2e.core.internal.project.registry.ProjectRegistryManager.writeWorkspaceState(ProjectRegistryManager.java:977) ~[na:na]
	at org.eclipse.m2e.core.internal.MavenPluginActivator$1.saving(MavenPluginActivator.java:142) ~[na:na]
	at org.eclipse.core.internal.resources.SaveManager.executeLifecycle(SaveManager.java:394) ~[na:na]
	at org.eclipse.core.internal.resources.SaveManager$1.run(SaveManager.java:210) ~[na:na]
	at org.eclipse.core.runtime.SafeRunner.run(SafeRunner.java:45) ~[org.eclipse.equinox.common_3.16.100.v20220315-2327.jar:na]
	at org.eclipse.core.internal.resources.SaveManager.broadcastLifecycle(SaveManager.java:213) ~[na:na]
	at org.eclipse.core.internal.resources.SaveManager.save(SaveManager.java:1171) ~[na:na]
	at org.eclipse.core.internal.resources.Workspace.save(Workspace.java:2421) ~[na:na]
	at org.eclipse.ui.internal.ide.application.IDEWorkbenchAdvisor.lambda$1(IDEWorkbenchAdvisor.java:554) ~[na:na]
	at org.eclipse.jface.operation.ModalContext$ModalContextThread.run(ModalContext.java:122) ~[org.eclipse.jface_3.26.0.v20220513-0449.jar:na]
2023-04-18 19:08:05,306 [Worker-1: Loading available Gradle versions] INFO  o.e.b.c.i.u.g.PublishedGradleVersions - Gradle version information cache is up-to-date. Trying to read.
2023-04-18 19:08:09,200 [Worker-3: Building] WARN  o.e.m.c.i.embedder.EclipseLogger - Using platform encoding (UTF-8 actually) to copy filtered resources, i.e. build is platform dependent!
2023-04-18 19:08:09,209 [Worker-3: Building] INFO  o.e.m.c.i.embedder.EclipseLogger - Copying 0 resource
2023-04-18 19:08:09,219 [Worker-3: Building] WARN  o.e.m.c.i.embedder.EclipseLogger - Using platform encoding (UTF-8 actually) to copy filtered resources, i.e. build is platform dependent!
2023-04-18 19:08:09,220 [Worker-3: Building] INFO  o.e.m.c.i.embedder.EclipseLogger - Copying 0 resource
2023-04-18 19:10:01,694 [Worker-8: Launching App (1)] WARN  o.e.m.c.i.embedder.EclipseLogger - Using platform encoding (UTF-8 actually) to copy filtered resources, i.e. build is platform dependent!
2023-04-18 19:10:01,706 [Worker-8: Launching App (1)] INFO  o.e.m.c.i.embedder.EclipseLogger - Copying 0 resource
2023-04-18 19:10:01,708 [Worker-8: Launching App (1)] WARN  o.e.m.c.i.embedder.EclipseLogger - Using platform encoding (UTF-8 actually) to copy filtered resources, i.e. build is platform dependent!
2023-04-18 19:10:01,713 [Worker-8: Launching App (1)] INFO  o.e.m.c.i.embedder.EclipseLogger - Copying 0 resource
2023-04-18 19:13:09,283 [Worker-8: Launching App (1)] WARN  o.e.m.c.i.embedder.EclipseLogger - Using platform encoding (UTF-8 actually) to copy filtered resources, i.e. build is platform dependent!
2023-04-18 19:13:09,284 [Worker-8: Launching App (1)] INFO  o.e.m.c.i.embedder.EclipseLogger - Copying 0 resource
2023-04-18 19:13:09,289 [Worker-8: Launching App (1)] WARN  o.e.m.c.i.embedder.EclipseLogger - Using platform encoding (UTF-8 actually) to copy filtered resources, i.e. build is platform dependent!
2023-04-18 19:13:09,298 [Worker-8: Launching App (1)] INFO  o.e.m.c.i.embedder.EclipseLogger - Copying 0 resource
2023-04-18 19:15:12,770 [Worker-4: Launching App (1)] WARN  o.e.m.c.i.embedder.EclipseLogger - Using platform encoding (UTF-8 actually) to copy filtered resources, i.e. build is platform dependent!
2023-04-18 19:15:12,781 [Worker-4: Launching App (1)] INFO  o.e.m.c.i.embedder.EclipseLogger - Copying 0 resource
2023-04-18 19:15:12,792 [Worker-4: Launching App (1)] WARN  o.e.m.c.i.embedder.EclipseLogger - Using platform encoding (UTF-8 actually) to copy filtered resources, i.e. build is platform dependent!
2023-04-18 19:15:12,799 [Worker-4: Launching App (1)] INFO  o.e.m.c.i.embedder.EclipseLogger - Copying 0 resource
2023-04-19 17:31:17,632 [Worker-0: Loading available Gradle versions] INFO  o.e.b.c.i.u.g.PublishedGradleVersions - Gradle version information cache is out-of-date. Trying to update.
2023-04-19 17:31:21,597 [Worker-9: Building] WARN  o.e.m.c.i.embedder.EclipseLogger - Using platform encoding (UTF-8 actually) to copy filtered resources, i.e. build is platform dependent!
2023-04-19 17:31:21,602 [Worker-9: Building] INFO  o.e.m.c.i.embedder.EclipseLogger - Copying 0 resource
2023-04-19 17:31:21,610 [Worker-9: Building] WARN  o.e.m.c.i.embedder.EclipseLogger - Using platform encoding (UTF-8 actually) to copy filtered resources, i.e. build is platform dependent!
2023-04-19 17:31:21,612 [Worker-9: Building] INFO  o.e.m.c.i.embedder.EclipseLogger - Copying 0 resource
2023-04-19 17:32:14,091 [Worker-13: Launching App (1)] WARN  o.e.m.c.i.embedder.EclipseLogger - Using platform encoding (UTF-8 actually) to copy filtered resources, i.e. build is platform dependent!
2023-04-19 17:32:14,117 [Worker-13: Launching App (1)] INFO  o.e.m.c.i.embedder.EclipseLogger - Copying 0 resource
2023-04-19 17:32:14,126 [Worker-13: Launching App (1)] WARN  o.e.m.c.i.embedder.EclipseLogger - Using platform encoding (UTF-8 actually) to copy filtered resources, i.e. build is platform dependent!
2023-04-19 17:32:14,132 [Worker-13: Launching App (1)] INFO  o.e.m.c.i.embedder.EclipseLogger - Copying 0 resource
2023-04-19 17:32:34,956 [Worker-4: Launching App (1)] WARN  o.e.m.c.i.embedder.EclipseLogger - Using platform encoding (UTF-8 actually) to copy filtered resources, i.e. build is platform dependent!
2023-04-19 17:32:34,956 [Worker-4: Launching App (1)] INFO  o.e.m.c.i.embedder.EclipseLogger - Copying 0 resource
2023-04-19 17:32:34,974 [Worker-4: Launching App (1)] WARN  o.e.m.c.i.embedder.EclipseLogger - Using platform encoding (UTF-8 actually) to copy filtered resources, i.e. build is platform dependent!
2023-04-19 17:32:34,975 [Worker-4: Launching App (1)] INFO  o.e.m.c.i.embedder.EclipseLogger - Copying 0 resource
